1728915430.667457 client started (554352): version 3.5a, socket /tmp/tmux-1000/default, protocol 8
1728915430.667494 on Linux 6.6.54 #1-NixOS SMP PREEMPT_DYNAMIC Fri Oct  4 14:30:05 UTC 2024
1728915430.667500 using libevent 2.1.12-stable poll
1728915430.667508 using utf8proc 2.9.0
1728915430.667511 using ncurses 6.4 20221231
1728915430.667527 flags are 0x10010000
1728915430.667539 socket is /tmp/tmux-1000/default
1728915430.667554 trying connect
1728915430.667622 add peer 0x8c79100: 6 ((nil))
1728915430.667984 sending message 111 to peer 0x8c79100 (8 bytes)
1728915430.667992 sending message 111 to peer 0x8c79100 (8 bytes)
1728915430.667997 sending message 101 to peer 0x8c79100 (14 bytes)
1728915430.668000 sending message 109 to peer 0x8c79100 (4 bytes)
1728915430.668004 sending message 102 to peer 0x8c79100 (12 bytes)
1728915430.668007 sending message 108 to peer 0x8c79100 (19 bytes)
1728915430.668010 sending message 112 to peer 0x8c79100 (70 bytes)
1728915430.668014 sending message 112 to peer 0x8c79100 (5 bytes)
1728915430.668017 sending message 112 to peer 0x8c79100 (5 bytes)
1728915430.668020 sending message 112 to peer 0x8c79100 (6 bytes)
1728915430.668023 sending message 112 to peer 0x8c79100 (6 bytes)
1728915430.668027 sending message 112 to peer 0x8c79100 (11 bytes)
1728915430.668030 sending message 112 to peer 0x8c79100 (10 bytes)
1728915430.668033 sending message 112 to peer 0x8c79100 (13 bytes)
1728915430.668036 sending message 112 to peer 0x8c79100 (13 bytes)
1728915430.668039 sending message 112 to peer 0x8c79100 (18 bytes)
1728915430.668042 sending message 112 to peer 0x8c79100 (11 bytes)
1728915430.668046 sending message 112 to peer 0x8c79100 (10 bytes)
1728915430.668049 sending message 112 to peer 0x8c79100 (15 bytes)
1728915430.668052 sending message 112 to peer 0x8c79100 (21 bytes)
1728915430.668055 sending message 112 to peer 0x8c79100 (13 bytes)
1728915430.668058 sending message 112 to peer 0x8c79100 (7 bytes)
1728915430.668061 sending message 112 to peer 0x8c79100 (13 bytes)
1728915430.668064 sending message 112 to peer 0x8c79100 (7 bytes)
1728915430.668068 sending message 112 to peer 0x8c79100 (13 bytes)
1728915430.668071 sending message 112 to peer 0x8c79100 (9 bytes)
1728915430.668074 sending message 112 to peer 0x8c79100 (21 bytes)
1728915430.668077 sending message 112 to peer 0x8c79100 (13 bytes)
1728915430.668080 sending message 112 to peer 0x8c79100 (8 bytes)
1728915430.668083 sending message 112 to peer 0x8c79100 (12 bytes)
1728915430.668087 sending message 112 to peer 0x8c79100 (13 bytes)
1728915430.668090 sending message 112 to peer 0x8c79100 (9 bytes)
1728915430.668093 sending message 112 to peer 0x8c79100 (9 bytes)
1728915430.668096 sending message 112 to peer 0x8c79100 (12 bytes)
1728915430.668099 sending message 112 to peer 0x8c79100 (8 bytes)
1728915430.668102 sending message 112 to peer 0x8c79100 (8 bytes)
1728915430.668105 sending message 112 to peer 0x8c79100 (7 bytes)
1728915430.668108 sending message 112 to peer 0x8c79100 (7 bytes)
1728915430.668111 sending message 112 to peer 0x8c79100 (9 bytes)
1728915430.668114 sending message 112 to peer 0x8c79100 (13 bytes)
1728915430.668117 sending message 112 to peer 0x8c79100 (6 bytes)
1728915430.668120 sending message 112 to peer 0x8c79100 (9 bytes)
1728915430.668123 sending message 112 to peer 0x8c79100 (15 bytes)
1728915430.668126 sending message 112 to peer 0x8c79100 (13 bytes)
1728915430.668128 sending message 112 to peer 0x8c79100 (12 bytes)
1728915430.668131 sending message 112 to peer 0x8c79100 (8 bytes)
1728915430.668134 sending message 112 to peer 0x8c79100 (14 bytes)
1728915430.668137 sending message 112 to peer 0x8c79100 (11 bytes)
1728915430.668140 sending message 112 to peer 0x8c79100 (9 bytes)
1728915430.668143 sending message 112 to peer 0x8c79100 (10 bytes)
1728915430.668147 sending message 112 to peer 0x8c79100 (10 bytes)
1728915430.668150 sending message 112 to peer 0x8c79100 (10 bytes)
1728915430.668153 sending message 112 to peer 0x8c79100 (10 bytes)
1728915430.668156 sending message 112 to peer 0x8c79100 (11 bytes)
1728915430.668160 sending message 112 to peer 0x8c79100 (12 bytes)
1728915430.668172 sending message 112 to peer 0x8c79100 (12 bytes)
1728915430.668176 sending message 112 to peer 0x8c79100 (12 bytes)
1728915430.668178 sending message 112 to peer 0x8c79100 (12 bytes)
1728915430.668181 sending message 112 to peer 0x8c79100 (12 bytes)
1728915430.668184 sending message 112 to peer 0x8c79100 (11 bytes)
1728915430.668187 sending message 112 to peer 0x8c79100 (11 bytes)
1728915430.668190 sending message 112 to peer 0x8c79100 (12 bytes)
1728915430.668193 sending message 112 to peer 0x8c79100 (12 bytes)
1728915430.668196 sending message 112 to peer 0x8c79100 (12 bytes)
1728915430.668198 sending message 112 to peer 0x8c79100 (12 bytes)
1728915430.668201 sending message 112 to peer 0x8c79100 (12 bytes)
1728915430.668204 sending message 112 to peer 0x8c79100 (10 bytes)
1728915430.668207 sending message 112 to peer 0x8c79100 (12 bytes)
1728915430.668210 sending message 112 to peer 0x8c79100 (13 bytes)
1728915430.668214 sending message 112 to peer 0x8c79100 (13 bytes)
1728915430.668217 sending message 112 to peer 0x8c79100 (13 bytes)
1728915430.668220 sending message 112 to peer 0x8c79100 (13 bytes)
1728915430.668223 sending message 112 to peer 0x8c79100 (13 bytes)
1728915430.668226 sending message 112 to peer 0x8c79100 (8 bytes)
1728915430.668229 sending message 112 to peer 0x8c79100 (11 bytes)
1728915430.668233 sending message 112 to peer 0x8c79100 (11 bytes)
1728915430.668236 sending message 112 to peer 0x8c79100 (11 bytes)
1728915430.668240 sending message 112 to peer 0x8c79100 (12 bytes)
1728915430.668244 sending message 112 to peer 0x8c79100 (12 bytes)
1728915430.668247 sending message 112 to peer 0x8c79100 (12 bytes)
1728915430.668250 sending message 112 to peer 0x8c79100 (12 bytes)
1728915430.668252 sending message 112 to peer 0x8c79100 (13 bytes)
1728915430.668255 sending message 112 to peer 0x8c79100 (13 bytes)
1728915430.668258 sending message 112 to peer 0x8c79100 (13 bytes)
1728915430.668261 sending message 112 to peer 0x8c79100 (8 bytes)
1728915430.668264 sending message 112 to peer 0x8c79100 (13 bytes)
1728915430.668267 sending message 112 to peer 0x8c79100 (13 bytes)
1728915430.668270 sending message 112 to peer 0x8c79100 (13 bytes)
1728915430.668273 sending message 112 to peer 0x8c79100 (13 bytes)
1728915430.668276 sending message 112 to peer 0x8c79100 (13 bytes)
1728915430.668279 sending message 112 to peer 0x8c79100 (12 bytes)
1728915430.668283 sending message 112 to peer 0x8c79100 (12 bytes)
1728915430.668285 sending message 112 to peer 0x8c79100 (12 bytes)
1728915430.668288 sending message 112 to peer 0x8c79100 (12 bytes)
1728915430.668292 sending message 112 to peer 0x8c79100 (13 bytes)
1728915430.668295 sending message 112 to peer 0x8c79100 (8 bytes)
1728915430.668298 sending message 112 to peer 0x8c79100 (13 bytes)
1728915430.668301 sending message 112 to peer 0x8c79100 (13 bytes)
1728915430.668304 sending message 112 to peer 0x8c79100 (13 bytes)
1728915430.668308 sending message 112 to peer 0x8c79100 (13 bytes)
1728915430.668311 sending message 112 to peer 0x8c79100 (13 bytes)
1728915430.668314 sending message 112 to peer 0x8c79100 (13 bytes)
1728915430.668317 sending message 112 to peer 0x8c79100 (13 bytes)
1728915430.668320 sending message 112 to peer 0x8c79100 (12 bytes)
1728915430.668323 sending message 112 to peer 0x8c79100 (12 bytes)
1728915430.668339 sending message 112 to peer 0x8c79100 (12 bytes)
1728915430.668346 sending message 112 to peer 0x8c79100 (8 bytes)
1728915430.668349 sending message 112 to peer 0x8c79100 (12 bytes)
1728915430.668352 sending message 112 to peer 0x8c79100 (13 bytes)
1728915430.668355 sending message 112 to peer 0x8c79100 (13 bytes)
1728915430.668358 sending message 112 to peer 0x8c79100 (13 bytes)
1728915430.668361 sending message 112 to peer 0x8c79100 (13 bytes)
1728915430.668364 sending message 112 to peer 0x8c79100 (13 bytes)
1728915430.668367 sending message 112 to peer 0x8c79100 (13 bytes)
1728915430.668369 sending message 112 to peer 0x8c79100 (13 bytes)
1728915430.668372 sending message 112 to peer 0x8c79100 (13 bytes)
1728915430.668379 sending message 112 to peer 0x8c79100 (12 bytes)
1728915430.668382 sending message 112 to peer 0x8c79100 (10 bytes)
1728915430.668385 sending message 112 to peer 0x8c79100 (12 bytes)
1728915430.668388 sending message 112 to peer 0x8c79100 (12 bytes)
1728915430.668391 sending message 112 to peer 0x8c79100 (12 bytes)
1728915430.668394 sending message 112 to peer 0x8c79100 (13 bytes)
1728915430.668397 sending message 112 to peer 0x8c79100 (13 bytes)
1728915430.668400 sending message 112 to peer 0x8c79100 (13 bytes)
1728915430.668402 sending message 112 to peer 0x8c79100 (13 bytes)
1728915430.668405 sending message 112 to peer 0x8c79100 (13 bytes)
1728915430.668408 sending message 112 to peer 0x8c79100 (13 bytes)
1728915430.668411 sending message 112 to peer 0x8c79100 (13 bytes)
1728915430.668414 sending message 112 to peer 0x8c79100 (10 bytes)
1728915430.668417 sending message 112 to peer 0x8c79100 (13 bytes)
1728915430.668420 sending message 112 to peer 0x8c79100 (12 bytes)
1728915430.668422 sending message 112 to peer 0x8c79100 (12 bytes)
1728915430.668425 sending message 112 to peer 0x8c79100 (12 bytes)
1728915430.668428 sending message 112 to peer 0x8c79100 (10 bytes)
1728915430.668431 sending message 112 to peer 0x8c79100 (10 bytes)
1728915430.668434 sending message 112 to peer 0x8c79100 (10 bytes)
1728915430.668437 sending message 112 to peer 0x8c79100 (12 bytes)
1728915430.668440 sending message 112 to peer 0x8c79100 (13 bytes)
1728915430.668442 sending message 112 to peer 0x8c79100 (13 bytes)
1728915430.668445 sending message 112 to peer 0x8c79100 (13 bytes)
1728915430.668448 sending message 112 to peer 0x8c79100 (13 bytes)
1728915430.668452 sending message 112 to peer 0x8c79100 (13 bytes)
1728915430.668455 sending message 112 to peer 0x8c79100 (11 bytes)
1728915430.668458 sending message 112 to peer 0x8c79100 (11 bytes)
1728915430.668461 sending message 112 to peer 0x8c79100 (12 bytes)
1728915430.668464 sending message 112 to peer 0x8c79100 (12 bytes)
1728915430.668467 sending message 112 to peer 0x8c79100 (12 bytes)
1728915430.668470 sending message 112 to peer 0x8c79100 (12 bytes)
1728915430.668473 sending message 112 to peer 0x8c79100 (12 bytes)
1728915430.668476 sending message 112 to peer 0x8c79100 (11 bytes)
1728915430.668479 sending message 112 to peer 0x8c79100 (12 bytes)
1728915430.668482 sending message 112 to peer 0x8c79100 (12 bytes)
1728915430.668485 sending message 112 to peer 0x8c79100 (13 bytes)
1728915430.668488 sending message 112 to peer 0x8c79100 (13 bytes)
1728915430.668490 sending message 112 to peer 0x8c79100 (13 bytes)
1728915430.668493 sending message 112 to peer 0x8c79100 (13 bytes)
1728915430.668496 sending message 112 to peer 0x8c79100 (13 bytes)
1728915430.668499 sending message 112 to peer 0x8c79100 (10 bytes)
1728915430.668502 sending message 112 to peer 0x8c79100 (9 bytes)
1728915430.668505 sending message 112 to peer 0x8c79100 (12 bytes)
1728915430.668508 sending message 112 to peer 0x8c79100 (13 bytes)
1728915430.668511 sending message 112 to peer 0x8c79100 (13 bytes)
1728915430.668514 sending message 112 to peer 0x8c79100 (13 bytes)
1728915430.668518 sending message 112 to peer 0x8c79100 (13 bytes)
1728915430.668521 sending message 112 to peer 0x8c79100 (13 bytes)
1728915430.668524 sending message 112 to peer 0x8c79100 (9 bytes)
1728915430.668527 sending message 112 to peer 0x8c79100 (12 bytes)
1728915430.668530 sending message 112 to peer 0x8c79100 (13 bytes)
1728915430.668533 sending message 112 to peer 0x8c79100 (13 bytes)
1728915430.668536 sending message 112 to peer 0x8c79100 (13 bytes)
1728915430.668539 sending message 112 to peer 0x8c79100 (13 bytes)
1728915430.668542 sending message 112 to peer 0x8c79100 (13 bytes)
1728915430.668545 sending message 112 to peer 0x8c79100 (11 bytes)
1728915430.668548 sending message 112 to peer 0x8c79100 (12 bytes)
1728915430.668551 sending message 112 to peer 0x8c79100 (13 bytes)
1728915430.668554 sending message 112 to peer 0x8c79100 (13 bytes)
1728915430.668556 sending message 112 to peer 0x8c79100 (13 bytes)
1728915430.668563 sending message 112 to peer 0x8c79100 (13 bytes)
1728915430.668565 sending message 112 to peer 0x8c79100 (13 bytes)
1728915430.668568 sending message 112 to peer 0x8c79100 (11 bytes)
1728915430.668571 sending message 112 to peer 0x8c79100 (12 bytes)
1728915430.668574 sending message 112 to peer 0x8c79100 (12 bytes)
1728915430.668577 sending message 112 to peer 0x8c79100 (12 bytes)
1728915430.668580 sending message 112 to peer 0x8c79100 (12 bytes)
1728915430.668583 sending message 112 to peer 0x8c79100 (12 bytes)
1728915430.668586 sending message 112 to peer 0x8c79100 (21 bytes)
1728915430.668589 sending message 112 to peer 0x8c79100 (12 bytes)
1728915430.668593 sending message 112 to peer 0x8c79100 (9 bytes)
1728915430.668596 sending message 112 to peer 0x8c79100 (6 bytes)
1728915430.668599 sending message 112 to peer 0x8c79100 (13 bytes)
1728915430.668602 sending message 112 to peer 0x8c79100 (8 bytes)
1728915430.668606 sending message 112 to peer 0x8c79100 (15 bytes)
1728915430.668609 sending message 112 to peer 0x8c79100 (13 bytes)
1728915430.668612 sending message 112 to peer 0x8c79100 (9 bytes)
1728915430.668616 sending message 112 to peer 0x8c79100 (70 bytes)
1728915430.668619 sending message 112 to peer 0x8c79100 (69 bytes)
1728915430.668622 sending message 112 to peer 0x8c79100 (10 bytes)
1728915430.668625 sending message 112 to peer 0x8c79100 (10 bytes)
1728915430.668629 sending message 112 to peer 0x8c79100 (8 bytes)
1728915430.668633 sending message 112 to peer 0x8c79100 (15 bytes)
1728915430.668636 sending message 112 to peer 0x8c79100 (13 bytes)
1728915430.668639 sending message 112 to peer 0x8c79100 (10 bytes)
1728915430.668643 sending message 112 to peer 0x8c79100 (10 bytes)
1728915430.668646 sending message 112 to peer 0x8c79100 (17 bytes)
1728915430.668649 sending message 112 to peer 0x8c79100 (10 bytes)
1728915430.668652 sending message 112 to peer 0x8c79100 (13 bytes)
1728915430.668655 sending message 112 to peer 0x8c79100 (9 bytes)
1728915430.668659 sending message 112 to peer 0x8c79100 (5 bytes)
1728915430.668662 sending message 112 to peer 0x8c79100 (15 bytes)
1728915430.668666 sending message 104 to peer 0x8c79100 (0 bytes)
1728915430.668669 sending message 110 to peer 0x8c79100 (0 bytes)
1728915430.668673 sending message 107 to peer 0x8c79100 (4 bytes)
1728915430.668677 sending message 105 to peer 0x8c79100 (23 bytes)
1728915430.668680 sending message 105 to peer 0x8c79100 (21 bytes)
1728915430.668683 sending message 105 to peer 0x8c79100 (54 bytes)
1728915430.668686 sending message 105 to peer 0x8c79100 (20 bytes)
1728915430.668689 sending message 105 to peer 0x8c79100 (11 bytes)
1728915430.668692 sending message 105 to peer 0x8c79100 (21 bytes)
1728915430.668696 sending message 105 to peer 0x8c79100 (60 bytes)
1728915430.668700 sending message 105 to peer 0x8c79100 (208 bytes)
1728915430.668704 sending message 105 to peer 0x8c79100 (95 bytes)
1728915430.668707 sending message 105 to peer 0x8c79100 (17 bytes)
1728915430.668710 sending message 105 to peer 0x8c79100 (14 bytes)
1728915430.668713 sending message 105 to peer 0x8c79100 (25 bytes)
1728915430.668717 sending message 105 to peer 0x8c79100 (669 bytes)
1728915430.668720 sending message 105 to peer 0x8c79100 (8 bytes)
1728915430.668723 sending message 105 to peer 0x8c79100 (14 bytes)
1728915430.668727 sending message 105 to peer 0x8c79100 (401 bytes)
1728915430.668730 sending message 105 to peer 0x8c79100 (20 bytes)
1728915430.668734 sending message 105 to peer 0x8c79100 (90 bytes)
1728915430.668737 sending message 105 to peer 0x8c79100 (252 bytes)
1728915430.668741 sending message 105 to peer 0x8c79100 (25 bytes)
1728915430.668745 sending message 105 to peer 0x8c79100 (30 bytes)
1728915430.668748 sending message 105 to peer 0x8c79100 (21 bytes)
1728915430.668752 sending message 105 to peer 0x8c79100 (20 bytes)
1728915430.668756 sending message 105 to peer 0x8c79100 (26 bytes)
1728915430.668760 sending message 105 to peer 0x8c79100 (509 bytes)
1728915430.668764 sending message 105 to peer 0x8c79100 (11 bytes)
1728915430.668771 sending message 105 to peer 0x8c79100 (35 bytes)
1728915430.668774 sending message 105 to peer 0x8c79100 (60 bytes)
1728915430.668777 sending message 105 to peer 0x8c79100 (36 bytes)
1728915430.668780 sending message 105 to peer 0x8c79100 (295 bytes)
1728915430.668784 sending message 105 to peer 0x8c79100 (195 bytes)
1728915430.668787 sending message 105 to peer 0x8c79100 (8 bytes)
1728915430.668790 sending message 105 to peer 0x8c79100 (104 bytes)
1728915430.668795 sending message 105 to peer 0x8c79100 (38 bytes)
1728915430.668799 sending message 105 to peer 0x8c79100 (24 bytes)
1728915430.668802 sending message 105 to peer 0x8c79100 (43 bytes)
1728915430.668806 sending message 105 to peer 0x8c79100 (74 bytes)
1728915430.668810 sending message 105 to peer 0x8c79100 (23 bytes)
1728915430.668814 sending message 105 to peer 0x8c79100 (161 bytes)
1728915430.668818 sending message 105 to peer 0x8c79100 (31 bytes)
1728915430.668821 sending message 105 to peer 0x8c79100 (15 bytes)
1728915430.668825 sending message 105 to peer 0x8c79100 (103 bytes)
1728915430.668828 sending message 105 to peer 0x8c79100 (91 bytes)
1728915430.668832 sending message 105 to peer 0x8c79100 (49 bytes)
1728915430.668836 sending message 105 to peer 0x8c79100 (53 bytes)
1728915430.668839 sending message 105 to peer 0x8c79100 (15 bytes)
1728915430.668843 sending message 105 to peer 0x8c79100 (64 bytes)
1728915430.668846 sending message 105 to peer 0x8c79100 (70 bytes)
1728915430.668849 sending message 105 to peer 0x8c79100 (209 bytes)
1728915430.668853 sending message 105 to peer 0x8c79100 (18 bytes)
1728915430.668856 sending message 105 to peer 0x8c79100 (12 bytes)
1728915430.668860 sending message 105 to peer 0x8c79100 (11 bytes)
1728915430.668863 sending message 105 to peer 0x8c79100 (16 bytes)
1728915430.668868 sending message 105 to peer 0x8c79100 (26 bytes)
1728915430.668872 sending message 105 to peer 0x8c79100 (20 bytes)
1728915430.668875 sending message 105 to peer 0x8c79100 (72 bytes)
1728915430.668880 sending message 105 to peer 0x8c79100 (257 bytes)
1728915430.668884 sending message 105 to peer 0x8c79100 (85 bytes)
1728915430.668888 sending message 105 to peer 0x8c79100 (17 bytes)
1728915430.668891 sending message 105 to peer 0x8c79100 (21 bytes)
1728915430.668895 sending message 105 to peer 0x8c79100 (221 bytes)
1728915430.668898 sending message 105 to peer 0x8c79100 (31 bytes)
1728915430.668901 sending message 105 to peer 0x8c79100 (29 bytes)
1728915430.668904 sending message 105 to peer 0x8c79100 (12 bytes)
1728915430.668908 sending message 105 to peer 0x8c79100 (29 bytes)
1728915430.668911 sending message 105 to peer 0x8c79100 (18 bytes)
1728915430.668917 sending message 105 to peer 0x8c79100 (11 bytes)
1728915430.668921 sending message 105 to peer 0x8c79100 (20 bytes)
1728915430.668924 sending message 105 to peer 0x8c79100 (83 bytes)
1728915430.668927 sending message 105 to peer 0x8c79100 (64 bytes)
1728915430.668931 sending message 105 to peer 0x8c79100 (55 bytes)
1728915430.668934 sending message 105 to peer 0x8c79100 (14 bytes)
1728915430.668937 sending message 105 to peer 0x8c79100 (170 bytes)
1728915430.668941 sending message 105 to peer 0x8c79100 (19 bytes)
1728915430.668944 sending message 105 to peer 0x8c79100 (20 bytes)
1728915430.668948 sending message 105 to peer 0x8c79100 (112 bytes)
1728915430.668951 sending message 105 to peer 0x8c79100 (87 bytes)
1728915430.668954 sending message 105 to peer 0x8c79100 (15 bytes)
1728915430.668958 sending message 106 to peer 0x8c79100 (0 bytes)
1728915430.669023 sending message 200 to peer 0x8c79100 (4 bytes)
1728915430.669027 client loop enter
1728915430.673784 peer 0x8c79100 message 303
1728915430.673798 open write file 2 -
1728915430.673809 sending message 305 to peer 0x8c79100 (8 bytes)
1728915430.673827 write check file 2
1728915430.674480 peer 0x8c79100 message 304
1728915430.674489 write 58 to file 2
1728915430.674494 peer 0x8c79100 message 203
1728915430.674498 file 2 58 bytes left
1728915430.674511 write check file 2
1728915430.674515 client loop exit
